#ifndef __SYS_WERRNO_ERR
#define __SYS_WERRNO_ERR

/*
 * THIS FILE WAS GENERATED BY %WATT_ROOT%\c:/dj_err.exe
 * at Wed Jun 21 23:35:40 2023.
 * DO NOT EDIT.
 *
 * Since djgpp programs normally does not run under Windows,
 * it was generated by using MinGW (refer %%WATT_ROOT%%\util\dj-errno.mak).
 *
 * Watt-32 errnos are after vendor's errnos (1 - 40)
 */

#ifndef __DJGPP__
#error This file is only for use by "__DJGPP__"
#endif

#define ERRNO_VENDOR_VERSION  "2.05"

#define EDOM              1
#define ERANGE            2
#define E2BIG             3
#define EACCES            4
#define EAGAIN            5
#define EBADF             6
#define EBUSY             7
#define ECHILD            8
#define EDEADLK           9
#define EEXIST            10
#define EFAULT            11
#define EFBIG             12
#define EINTR             13
#define EINVAL            14
#define EIO               15
#define EISDIR            16
#define EMFILE            17
#define EMLINK            18
#define ENAMETOOLONG      19
#define ENFILE            20
#define ENODEV            21
#define ENOENT            22
#define ENOEXEC           23
#define ENOLCK            24
#define ENOMEM            25
#define ENOSPC            26
#define ENOSYS            27
#define ENOTDIR           28
#define ENOTEMPTY         29
#define ENOTTY            30
#define ENXIO             31
#define EPERM             32
#define EPIPE             33
#define EROFS             34
#define ESPIPE            35
#define ESRCH             36
#define EXDEV             37
#define ENMFILE           38
#define ELOOP             39
#define EOVERFLOW         40
#define EILSEQ            41
#define EWOULDBLOCK       41
#define EINPROGRESS       42
#define EALREADY          43
#define ENOTSOCK          44
#define EDESTADDRREQ      45
#define EMSGSIZE          46
#define EPROTOTYPE        47
#define ENOPROTOOPT       48
#define EPROTONOSUPPORT   49
#define ESOCKTNOSUPPORT   50
#define EOPNOTSUPP        51
#define EPFNOSUPPORT      52
#define EAFNOSUPPORT      53
#define EADDRINUSE        54
#define EADDRNOTAVAIL     55
#define ENETDOWN          56
#define ENETUNREACH       57
#define ENETRESET         58
#define ECONNABORTED      59
#define ECONNRESET        60
#define ENOBUFS           61
#define EISCONN           62
#define ENOTCONN          63
#define ESHUTDOWN         64
#define ETIMEDOUT         65
#define ECONNREFUSED      66
#define EHOSTDOWN         67
#define EHOSTUNREACH      68
#define ESTALE            69
#define EREMOTE           70
#define EBADRPC           71
#define ERPCMISMATCH      72
#define EPROGUNAVAIL      73
#define EPROGMISMATCH     74
#define EPROCUNAVAIL      75
#define EINVFNC           76
#define ENOPATH           77
#define ECONTR            78
#define EINVMEM           79
#define EINVENV           80
#define EINVFMT           81
#define EINVACC           82
#define EINVDAT           83
#define EDEADLOCK         84
#define ECURDIR           85
#define ENOTSAM           86
#define ETXTBSY           87
#define ENOTBLK           88
#define EUCLEAN           89
#define ETOOMANYREFS      90
#define EPROCLIM          91
#define EUSERS            92
#define EDQUOT            93
#define EVDBAD            94
#define ENORMTWD          95

#endif /* __SYS_WERRNO_ERR */
